# JRE version: OpenJDK Runtime Environment (7.0_79-b14) (build 1.7.0_79-b14)
# Java VM: OpenJDK 64-Bit Server VM (24.79-b02 mixed mode linux-amd64 compressed oops)
Heap
 PSYoungGen      total 1184768K, used 151371K [0x0000000795500000, 0x0000000800000000, 0x0000000800000000)
  eden space 954368K, 0% used [0x0000000795500000,0x0000000795500000,0x00000007cf900000)
  from space 230400K, 65% used [0x00000007cf900000,0x00000007d8cd2f48,0x00000007dda00000)
  to   space 398336K, 0% used [0x00000007e7b00000,0x00000007e7b00000,0x0000000800000000)
 ParOldGen       total 2427392K, used 2427356K [0x00000006c0000000, 0x0000000754280000, 0x0000000795500000)
  object space 2427392K, 99% used [0x00000006c0000000,0x0000000754277100,0x0000000754280000)
 PSPermGen       total 21504K, used 4088K [0x00000006b5a00000, 0x00000006b6f00000, 0x00000006c0000000)
  object space 21504K, 19% used [0x00000006b5a00000,0x00000006b5dfe288,0x00000006b6f00000)
GC Heap History (10 events):
Event: 11.778 GC heap after
Heap after GC invocations=28 (full 8):
 PSYoungGen      total 1337856K, used 273307K [0x0000000795500000, 0x0000000800000000, 0x0000000800000000)
  eden space 989184K, 0% used [0x0000000795500000,0x0000000795500000,0x00000007d1b00000)
  from space 348672K, 78% used [0x00000007eab80000,0x00000007fb666ca0,0x0000000800000000)
  to   space 379392K, 0% used [0x00000007d1b00000,0x00000007d1b00000,0x00000007e8d80000)
 ParOldGen       total 1905152K, used 1649645K [0x00000006c0000000, 0x0000000734480000, 0x0000000795500000)
  object space 1905152K, 86% used [0x00000006c0000000,0x0000000724afb720,0x0000000734480000)
 PSPermGen       total 21504K, used 4088K [0x00000006b5a00000, 0x00000006b6f00000, 0x00000006c0000000)
  object space 21504K, 19% used [0x00000006b5a00000,0x00000006b5dfe288,0x00000006b6f00000)
}
Event: 12.818 GC heap before
{Heap before GC invocations=29 (full 8):
 PSYoungGen      total 1337856K, used 1262491K [0x0000000795500000, 0x0000000800000000, 0x0000000800000000)
  eden space 989184K, 100% used [0x0000000795500000,0x00000007d1b00000,0x00000007d1b00000)
  from space 348672K, 78% used [0x00000007eab80000,0x00000007fb666ca0,0x0000000800000000)
  to   space 379392K, 0% used [0x00000007d1b00000,0x00000007d1b00000,0x00000007e8d80000)
 ParOldGen       total 1905152K, used 1649645K [0x00000006c0000000, 0x0000000734480000, 0x0000000795500000)
  object space 1905152K, 86% used [0x00000006c0000000,0x0000000724afb720,0x0000000734480000)
 PSPermGen       total 21504K, used 4088K [0x00000006b5a00000, 0x00000006b6f00000, 0x00000006c0000000)
  object space 21504K, 19% used [0x00000006b5a00000,0x00000006b5dfe288,0x00000006b6f00000)
Event: 12.975 GC heap after
Heap after GC invocations=29 (full 8):
 PSYoungGen      total 1228288K, used 238827K [0x0000000795500000, 0x0000000800000000, 0x0000000800000000)
  eden space 989184K, 0% used [0x0000000795500000,0x0000000795500000,0x00000007d1b00000)
  from space 239104K, 99% used [0x00000007d1b00000,0x00000007e043af48,0x00000007e0480000)
  to   space 390656K, 0% used [0x00000007e8280000,0x00000007e8280000,0x0000000800000000)
 ParOldGen       total 1956352K, used 1955724K [0x00000006c0000000, 0x0000000737680000, 0x0000000795500000)
  object space 1956352K, 99% used [0x00000006c0000000,0x00000007375e30c8,0x0000000737680000)
 PSPermGen       total 21504K, used 4088K [0x00000006b5a00000, 0x00000006b6f00000, 0x00000006c0000000)
  object space 21504K, 19% used [0x00000006b5a00000,0x00000006b5dfe288,0x00000006b6f00000)
}
Event: 12.975 GC heap before
{Heap before GC invocations=30 (full 9):
 PSYoungGen      total 1228288K, used 238827K [0x0000000795500000, 0x0000000800000000, 0x0000000800000000)
  eden space 989184K, 0% used [0x0000000795500000,0x0000000795500000,0x00000007d1b00000)
  from space 239104K, 99% used [0x00000007d1b00000,0x00000007e043af48,0x00000007e0480000)
  to   space 390656K, 0% used [0x00000007e8280000,0x00000007e8280000,0x0000000800000000)
 ParOldGen       total 1956352K, used 1955724K [0x00000006c0000000, 0x0000000737680000, 0x0000000795500000)
  object space 1956352K, 99% used [0x00000006c0000000,0x00000007375e30c8,0x0000000737680000)
 PSPermGen       total 21504K, used 4088K [0x00000006b5a00000, 0x00000006b6f00000, 0x00000006c0000000)
  object space 21504K, 19% used [0x00000006b5a00000,0x00000006b5dfe288,0x00000006b6f00000)
Event: 13.198 GC heap after
Heap after GC invocations=30 (full 9):
 PSYoungGen      total 1228288K, used 158396K [0x0000000795500000, 0x0000000800000000, 0x0000000800000000)
  eden space 989184K, 0% used [0x0000000795500000,0x0000000795500000,0x00000007d1b00000)
  from space 239104K, 66% used [0x00000007d1b00000,0x00000007db5af230,0x00000007e0480000)
  to   space 390656K, 0% used [0x00000007e8280000,0x00000007e8280000,0x0000000800000000)
 ParOldGen       total 2427392K, used 1955890K [0x00000006c0000000, 0x0000000754280000, 0x0000000795500000)
  object space 2427392K, 80% used [0x00000006c0000000,0x000000073760cbc8,0x0000000754280000)
 PSPermGen       total 21504K, used 4088K [0x00000006b5a00000, 0x00000006b6f00000, 0x00000006c0000000)
  object space 21504K, 19% used [0x00000006b5a00000,0x00000006b5dfe288,0x00000006b6f00000)
}
Event: 14.226 GC heap before
{Heap before GC invocations=31 (full 9):
 PSYoungGen      total 1228288K, used 1147580K [0x0000000795500000, 0x0000000800000000, 0x0000000800000000)
  eden space 989184K, 100% used [0x0000000795500000,0x00000007d1b00000,0x00000007d1b00000)
  from space 239104K, 66% used [0x00000007d1b00000,0x00000007db5af230,0x00000007e0480000)
  to   space 390656K, 0% used [0x00000007e8280000,0x00000007e8280000,0x0000000800000000)
 ParOldGen       total 2427392K, used 1955890K [0x00000006c0000000, 0x0000000754280000, 0x0000000795500000)
  object space 2427392K, 80% used [0x00000006c0000000,0x000000073760cbc8,0x0000000754280000)
 PSPermGen       total 21504K, used 4088K [0x00000006b5a00000, 0x00000006b6f00000, 0x00000006c0000000)
  object space 21504K, 19% used [0x00000006b5a00000,0x00000006b5dfe288,0x00000006b6f00000)
Event: 14.360 GC heap after
Heap after GC invocations=31 (full 9):
 PSYoungGen      total 1345024K, used 235256K [0x0000000795500000, 0x0000000800000000, 0x0000000800000000)
  eden space 954368K, 0% used [0x0000000795500000,0x0000000795500000,0x00000007cf900000)
  from space 390656K, 60% used [0x00000007e8280000,0x00000007f683e310,0x0000000800000000)
  to   space 396800K, 0% used [0x00000007cf900000,0x00000007cf900000,0x00000007e7c80000)
 ParOldGen       total 2427392K, used 2114393K [0x00000006c0000000, 0x0000000754280000, 0x0000000795500000)
  object space 2427392K, 87% used [0x00000006c0000000,0x00000007410d6410,0x0000000754280000)
 PSPermGen       total 21504K, used 4088K [0x00000006b5a00000, 0x00000006b6f00000, 0x00000006c0000000)
  object space 21504K, 19% used [0x00000006b5a00000,0x00000006b5dfe288,0x00000006b6f00000)
}
Event: 15.371 GC heap before
{Heap before GC invocations=32 (full 9):
 PSYoungGen      total 1345024K, used 1189624K [0x0000000795500000, 0x0000000800000000, 0x0000000800000000)
  eden space 954368K, 100% used [0x0000000795500000,0x00000007cf900000,0x00000007cf900000)
  from space 390656K, 60% used [0x00000007e8280000,0x00000007f683e310,0x0000000800000000)
  to   space 396800K, 0% used [0x00000007cf900000,0x00000007cf900000,0x00000007e7c80000)
 ParOldGen       total 2427392K, used 2114393K [0x00000006c0000000, 0x0000000754280000, 0x0000000795500000)
  object space 2427392K, 87% used [0x00000006c0000000,0x00000007410d6410,0x0000000754280000)
 PSPermGen       total 21504K, used 4088K [0x00000006b5a00000, 0x00000006b6f00000, 0x00000006c0000000)
  object space 21504K, 19% used [0x00000006b5a00000,0x00000006b5dfe288,0x00000006b6f00000)
Event: 15.536 GC heap after
Heap after GC invocations=32 (full 9):
 PSYoungGen      total 1184768K, used 230358K [0x0000000795500000, 0x0000000800000000, 0x0000000800000000)
  eden space 954368K, 0% used [0x0000000795500000,0x0000000795500000,0x00000007cf900000)
  from space 230400K, 99% used [0x00000007cf900000,0x00000007dd9f5920,0x00000007dda00000)
  to   space 398336K, 0% used [0x00000007e7b00000,0x00000007e7b00000,0x0000000800000000)
 ParOldGen       total 2427392K, used 2349475K [0x00000006c0000000, 0x0000000754280000, 0x0000000795500000)
  object space 2427392K, 96% used [0x00000006c0000000,0x000000074f668f50,0x0000000754280000)
 PSPermGen       total 21504K, used 4088K [0x00000006b5a00000, 0x00000006b6f00000, 0x00000006c0000000)
  object space 21504K, 19% used [0x00000006b5a00000,0x00000006b5dfe288,0x00000006b6f00000)
}
Event: 15.536 GC heap before
{Heap before GC invocations=33 (full 10):
 PSYoungGen      total 1184768K, used 230358K [0x0000000795500000, 0x0000000800000000, 0x0000000800000000)
  eden space 954368K, 0% used [0x0000000795500000,0x0000000795500000,0x00000007cf900000)
  from space 230400K, 99% used [0x00000007cf900000,0x00000007dd9f5920,0x00000007dda00000)
  to   space 398336K, 0% used [0x00000007e7b00000,0x00000007e7b00000,0x0000000800000000)
 ParOldGen       total 2427392K, used 2349475K [0x00000006c0000000, 0x0000000754280000, 0x0000000795500000)
  object space 2427392K, 96% used [0x00000006c0000000,0x000000074f668f50,0x0000000754280000)
 PSPermGen       total 21504K, used 4088K [0x00000006b5a00000, 0x00000006b6f00000, 0x00000006c0000000)
  object space 21504K, 19% used [0x00000006b5a00000,0x00000006b5dfe288,0x00000006b6f00000)

